<?xml version="1.0" encoding="UTF-8"?>
<!-- Generated by org.testng.reporters.JUnitXMLReporter -->
<testsuite ignored="0" hostname="LAPTOP-UN5JVH9Q" failures="1" tests="1" name="Default test(failed)" time="5.62" errors="0" timestamp="2023-10-02T02:26:45 GMT+02:00">
  <testcase classname="test.java.GoogleSearchTest" name="searchAndClickFirstOrganicResult" time="1.011">
    <failure type="java.lang.ExceptionInInitializerError">
      <![CDATA[java.lang.ExceptionInInitializerError
at test.java.GoogleSearchTest.searchAndClickFirstOrganicResult(GoogleSearchTest.java:26)
at java.base/java.util.ArrayList.forEach(ArrayList.java:1511)
Caused by: java.lang.NullPointerException: inStream parameter is null
at java.base/java.util.Objects.requireNonNull(Objects.java:233)
at java.base/java.util.Properties.load(Properties.java:407)
at test.java.PropertiesRead.<clinit>(PropertiesRead.java:12)
... 29 more
... Removed 27 stack frames]]>
    </failure>
  </testcase> <!-- searchAndClickFirstOrganicResult -->
</testsuite> <!-- Default test(failed) -->
