<?xml version="1.0" encoding="UTF-8"?>
<testng-results ignored="0" total="1" passed="1" failed="0" skipped="0">
  <reporter-output>
  </reporter-output>
  <suite started-at="2023-10-02T19:36:11 GMT+02:00" name="Surefire suite" finished-at="2023-10-02T19:36:20 GMT+02:00" duration-ms="8431">
    <groups>
    </groups>
    <test started-at="2023-10-02T19:36:11 GMT+02:00" name="Surefire test" finished-at="2023-10-02T19:36:20 GMT+02:00" duration-ms="8431">
      <class name="test.java.tests.GoogleSearchTest">
        <test-method is-config="true" signature="setUp()[pri:0, instance:test.java.tests.GoogleSearchTest@20ccf40b]" started-at="2023-10-02T19:36:11 GMT+02:00" name="setUp" finished-at="2023-10-02T19:36:15 GMT+02:00" duration-ms="3664" status="PASS">
          <reporter-output>
          </reporter-output>
        </test-method> <!-- setUp -->
        <test-method is-config="true" signature="initializeObjects()[pri:0, instance:test.java.tests.GoogleSearchTest@20ccf40b]" started-at="2023-10-02T19:36:15 GMT+02:00" name="initializeObjects" finished-at="2023-10-02T19:36:15 GMT+02:00" duration-ms="7" status="PASS">
          <reporter-output>
          </reporter-output>
        </test-method> <!-- initializeObjects -->
        <test-method signature="searchAndClickFirstOrganicResult()[pri:0, instance:test.java.tests.GoogleSearchTest@20ccf40b]" started-at="2023-10-02T19:36:15 GMT+02:00" name="searchAndClickFirstOrganicResult" description="Searching a phrase in Google and clicking on the first ad-free link, and then verify the phrase" finished-at="2023-10-02T19:36:19 GMT+02:00" duration-ms="4570" status="PASS">
          <reporter-output>
          </reporter-output>
        </test-method> <!-- searchAndClickFirstOrganicResult -->
        <test-method is-config="true" signature="tearDown()[pri:0, instance:test.java.tests.GoogleSearchTest@20ccf40b]" started-at="2023-10-02T19:36:19 GMT+02:00" name="tearDown" finished-at="2023-10-02T19:36:20 GMT+02:00" duration-ms="142" status="PASS">
          <reporter-output>
          </reporter-output>
        </test-method> <!-- tearDown -->
      </class> <!-- test.java.tests.GoogleSearchTest -->
    </test> <!-- Surefire test -->
  </suite> <!-- Surefire suite -->
</testng-results>
